-------------------
CSE247 Robot tester starts testing lab8 on 2017-11-23 08:46:38 -0600

========
Testing in ./GradingRepos/./cse131-f17-students-bridget.wang: lab8 as of 2017-11-14 20:00
========
Now in: /Users/roncytron/Desktop/131f17/cse247-support/GradingRepos/cse131-f17-students-bridget.wang
Your branch is up-to-date with 'origin/master'.
HEAD is now at e6c8434 Merge remote-tracking branch 'upstream/master'
No local changes to save

Updating e6c8434..60aa3a9
Fast-forward
 RoboGrade/lab8-TermTest.txt | 65 +++++++++++++++++++++++++++++++++++++++++++++
 1 file changed, 65 insertions(+)
 create mode 100644 RoboGrade/lab8-TermTest.txt
Going back in time to: 2017-11-14 20:00
At hash a96213103d7494db449279ae1d05d0d31ba48f38

Buildfile: /Users/roncytron/Desktop/131f17/cse247-support/build.xml

copytest:
     [echo] would copy from /Users/roncytron/git2/cse131-f17-students key bridget.wang testfilesource SparsePolynomialTest package lab8 repo ./GradingRepos/./cse131-f17-students-bridget.wang
     [copy] Copying 1 file to /Users/roncytron/Desktop/131f17/cse247-support/GradingRepos/cse131-f17-students-bridget.wang/labs/lab8

BUILD SUCCESSFUL
Total time: 0 seconds
Compiling the code
Buildfile: /Users/roncytron/Desktop/131f17/cse247-support/build.xml

compile:
     [echo] Compiling lab8/Term
    [mkdir] Created dir: /Users/roncytron/Desktop/131f17/cse247-support/GradingRepos/cse131-f17-students-bridget.wang/bin
    [javac] Compiling 1 source file to /Users/roncytron/Desktop/131f17/cse247-support/GradingRepos/cse131-f17-students-bridget.wang/bin

BUILD SUCCESSFUL
Total time: 0 seconds
Buildfile: /Users/roncytron/Desktop/131f17/cse247-support/build.xml

compile:
     [echo] Compiling lab8/SparsePolynomial
    [javac] Compiling 1 source file to /Users/roncytron/Desktop/131f17/cse247-support/GradingRepos/cse131-f17-students-bridget.wang/bin
    [javac] /Users/roncytron/Desktop/131f17/cse247-support/GradingRepos/cse131-f17-students-bridget.wang/labs/lab8/SparsePolynomial.java:28: error: SparsePolynomial is not abstract and does not override abstract method addTerm(Term) in Polynomial
    [javac] public class SparsePolynomial implements Polynomial {
    [javac]        ^
    [javac] /Users/roncytron/Desktop/131f17/cse247-support/GradingRepos/cse131-f17-students-bridget.wang/labs/lab8/SparsePolynomial.java:63: error: cannot find symbol
    [javac] 		double maxy = this.evaluate(lowx);
    [javac] 		                  ^
    [javac]   symbol: method evaluate(double)
    [javac] /Users/roncytron/Desktop/131f17/cse247-support/GradingRepos/cse131-f17-students-bridget.wang/labs/lab8/SparsePolynomial.java:64: error: cannot find symbol
    [javac] 		double miny = this.evaluate(lowx);
    [javac] 		                  ^
    [javac]   symbol: method evaluate(double)
    [javac] /Users/roncytron/Desktop/131f17/cse247-support/GradingRepos/cse131-f17-students-bridget.wang/labs/lab8/SparsePolynomial.java:66: error: cannot find symbol
    [javac] 			double y = this.evaluate(x);
    [javac] 			               ^
    [javac]   symbol: method evaluate(double)
    [javac] /Users/roncytron/Desktop/131f17/cse247-support/GradingRepos/cse131-f17-students-bridget.wang/labs/lab8/SparsePolynomial.java:73: error: cannot find symbol
    [javac] 			double y = this.evaluate(x);
    [javac] 			               ^
    [javac]   symbol: method evaluate(double)
    [javac] 5 errors

BUILD SUCCESSFUL
Total time: 0 seconds
Buildfile: /Users/roncytron/Desktop/131f17/cse247-support/build.xml

compile:
     [echo] Compiling lab8/SparsePolynomialTest
    [javac] Compiling 1 source file to /Users/roncytron/Desktop/131f17/cse247-support/GradingRepos/cse131-f17-students-bridget.wang/bin
    [javac] /Users/roncytron/Desktop/131f17/cse247-support/GradingRepos/cse131-f17-students-bridget.wang/labs/lab8/SparsePolynomialTest.java:62: error: cannot find symbol
    [javac] 		assertEquals("The degree of a default constructed Polynomial should be 0", 0, new SparsePolynomial().degree());
    [javac] 		                                                                                                    ^
    [javac]   symbol:   method degree()
    [javac]   location: class SparsePolynomial
    [javac] /Users/roncytron/Desktop/131f17/cse247-support/GradingRepos/cse131-f17-students-bridget.wang/labs/lab8/SparsePolynomialTest.java:67: error: cannot find symbol
    [javac] 			assertEquals("Polynomial " + sbp + " should have degree " + (i-1), i-1, sbp.degree());
    [javac] 			                                                                           ^
    [javac]   symbol:   method degree()
    [javac]   location: variable sbp of type SparsePolynomial
    [javac] /Users/roncytron/Desktop/131f17/cse247-support/GradingRepos/cse131-f17-students-bridget.wang/labs/lab8/SparsePolynomial.java:28: error: SparsePolynomial is not abstract and does not override abstract method addTerm(Term) in Polynomial
    [javac] public class SparsePolynomial implements Polynomial {
    [javac]        ^
    [javac] /Users/roncytron/Desktop/131f17/cse247-support/GradingRepos/cse131-f17-students-bridget.wang/labs/lab8/SparsePolynomial.java:63: error: cannot find symbol
    [javac] 		double maxy = this.evaluate(lowx);
    [javac] 		                  ^
    [javac]   symbol: method evaluate(double)
    [javac] /Users/roncytron/Desktop/131f17/cse247-support/GradingRepos/cse131-f17-students-bridget.wang/labs/lab8/SparsePolynomial.java:64: error: cannot find symbol
    [javac] 		double miny = this.evaluate(lowx);
    [javac] 		                  ^
    [javac]   symbol: method evaluate(double)
    [javac] /Users/roncytron/Desktop/131f17/cse247-support/GradingRepos/cse131-f17-students-bridget.wang/labs/lab8/SparsePolynomial.java:66: error: cannot find symbol
    [javac] 			double y = this.evaluate(x);
    [javac] 			               ^
    [javac]   symbol: method evaluate(double)
    [javac] /Users/roncytron/Desktop/131f17/cse247-support/GradingRepos/cse131-f17-students-bridget.wang/labs/lab8/SparsePolynomial.java:73: error: cannot find symbol
    [javac] 			double y = this.evaluate(x);
    [javac] 			               ^
    [javac]   symbol: method evaluate(double)
    [javac] Note: /Users/roncytron/Desktop/131f17/cse247-support/GradingRepos/cse131-f17-students-bridget.wang/labs/lab8/SparsePolynomialTest.java uses unchecked or unsafe operations.
    [javac] Note: Recompile with -Xlint:unchecked for details.
    [javac] 7 errors

BUILD SUCCESSFUL
Total time: 0 seconds
Running test SparsePolynomialTest
Buildfile: /Users/roncytron/Desktop/131f17/cse247-support/build.xml

test:
    [junit] Running lab8.SparsePolynomialTest
    [junit] Testsuite: lab8.SparsePolynomialTest
    [junit] Tests run: 1, Failures: 0, Errors: 1, Skipped: 0, Time elapsed: 0 sec
    [junit] Tests run: 1, Failures: 0, Errors: 1, Skipped: 0, Time elapsed: 0 sec
    [junit] 
    [junit] 	Caused an ERROR
    [junit] lab8.SparsePolynomialTest
    [junit] java.lang.ClassNotFoundException: lab8.SparsePolynomialTest
    [junit] 	at java.net.URLClassLoader.findClass(URLClassLoader.java:381)
    [junit] 	at java.lang.ClassLoader.loadClass(ClassLoader.java:424)
    [junit] 	at sun.misc.Launcher$AppClassLoader.loadClass(Launcher.java:331)
    [junit] 	at java.lang.ClassLoader.loadClass(ClassLoader.java:357)
    [junit] 	at java.lang.Class.forName0(Native Method)
    [junit] 	at java.lang.Class.forName(Class.java:264)
    [junit] 

BUILD FAILED
/Users/roncytron/Desktop/131f17/cse247-support/build.xml:33: Test lab8.SparsePolynomialTest failed

Total time: 0 seconds
========
Testing in ./GradingRepos/./cse131-f17-students-bridget.wang: lab8 as of 2017-11-21 20:00
========
Now in: /Users/roncytron/Desktop/131f17/cse247-support/GradingRepos/cse131-f17-students-bridget.wang
Your branch is up-to-date with 'origin/master'.
HEAD is now at 60aa3a9 robograde
No local changes to save

Already up-to-date.
Going back in time to: 2017-11-21 20:00
At hash a01b4dd421ac0f8a073cc5d404b31ecd9fc33a2c

Buildfile: /Users/roncytron/Desktop/131f17/cse247-support/build.xml

copytest:
     [echo] would copy from /Users/roncytron/git2/cse131-f17-students key bridget.wang testfilesource SparsePolynomialTest package lab8 repo ./GradingRepos/./cse131-f17-students-bridget.wang
     [copy] Copying 1 file to /Users/roncytron/Desktop/131f17/cse247-support/GradingRepos/cse131-f17-students-bridget.wang/labs/lab8

BUILD SUCCESSFUL
Total time: 0 seconds
Compiling the code
Buildfile: /Users/roncytron/Desktop/131f17/cse247-support/build.xml

compile:
     [echo] Compiling lab8/Term
    [mkdir] Created dir: /Users/roncytron/Desktop/131f17/cse247-support/GradingRepos/cse131-f17-students-bridget.wang/bin
    [javac] Compiling 1 source file to /Users/roncytron/Desktop/131f17/cse247-support/GradingRepos/cse131-f17-students-bridget.wang/bin

BUILD SUCCESSFUL
Total time: 0 seconds
Buildfile: /Users/roncytron/Desktop/131f17/cse247-support/build.xml

compile:
     [echo] Compiling lab8/SparsePolynomial
    [javac] Compiling 1 source file to /Users/roncytron/Desktop/131f17/cse247-support/GradingRepos/cse131-f17-students-bridget.wang/bin

BUILD SUCCESSFUL
Total time: 0 seconds
Buildfile: /Users/roncytron/Desktop/131f17/cse247-support/build.xml

compile:
     [echo] Compiling lab8/SparsePolynomialTest
    [javac] Compiling 1 source file to /Users/roncytron/Desktop/131f17/cse247-support/GradingRepos/cse131-f17-students-bridget.wang/bin
    [javac] Note: /Users/roncytron/Desktop/131f17/cse247-support/GradingRepos/cse131-f17-students-bridget.wang/labs/lab8/SparsePolynomialTest.java uses unchecked or unsafe operations.
    [javac] Note: Recompile with -Xlint:unchecked for details.

BUILD SUCCESSFUL
Total time: 0 seconds
Running test SparsePolynomialTest
Buildfile: /Users/roncytron/Desktop/131f17/cse247-support/build.xml

test:
    [junit] Running lab8.SparsePolynomialTest
    [junit] Testsuite: lab8.SparsePolynomialTest
    [junit] p2 is SparsePolynomial [poly=[-2.0x^2, 7.0x^0, 5.0x^3, 5.0x^1]]
    [junit] p2's derivative is SparsePolynomial [poly=[15.0x^2, -4.0x^1, 5.0x^0]]
    [junit] Newly constructed poly is SparsePolynomial [poly=[]]
    [junit] Showing toString() for a missing term: SparsePolynomial [poly=[1.0x^2, 131.0x^0]]
    [junit] Showing toString() for summed poly SparsePolynomial [poly=[4.0x^1, 1.0x^2, 131.0x^0, 3.0x^3]]
    [junit] Tests run: 14, Failures: 0, Errors: 0, Skipped: 0, Time elapsed: 0.037 sec
    [junit] Output:
    [junit] p2 is SparsePolynomial [poly=[-2.0x^2, 7.0x^0, 5.0x^3, 5.0x^1]]
    [junit] p2's derivative is SparsePolynomial [poly=[15.0x^2, -4.0x^1, 5.0x^0]]
    [junit] Newly constructed poly is SparsePolynomial [poly=[]]
    [junit] Showing toString() for a missing term: SparsePolynomial [poly=[1.0x^2, 131.0x^0]]
    [junit] Showing toString() for summed poly SparsePolynomial [poly=[4.0x^1, 1.0x^2, 131.0x^0, 3.0x^3]]
    [junit] 
    [junit] Tests run: 14, Failures: 0, Errors: 0, Skipped: 0, Time elapsed: 0.037 sec
    [junit] ------------- Standard Output ---------------
    [junit] p2 is SparsePolynomial [poly=[-2.0x^2, 7.0x^0, 5.0x^3, 5.0x^1]]
    [junit] p2's derivative is SparsePolynomial [poly=[15.0x^2, -4.0x^1, 5.0x^0]]
    [junit] Newly constructed poly is SparsePolynomial [poly=[]]
    [junit] Showing toString() for a missing term: SparsePolynomial [poly=[1.0x^2, 131.0x^0]]
    [junit] Showing toString() for summed poly SparsePolynomial [poly=[4.0x^1, 1.0x^2, 131.0x^0, 3.0x^3]]
    [junit] ------------- ---------------- ---------------
    [junit] 
    [junit] Testcase: testToArray took 0.001 sec
    [junit] Testcase: testSum took 0.001 sec
    [junit] Testcase: testDeriv took 0 sec
    [junit] Testcase: testEval1 took 0.001 sec
    [junit] Testcase: testEval2 took 0.001 sec
    [junit] Testcase: testPrint took 0 sec
    [junit] Testcase: testZeros took 0 sec
    [junit] Testcase: testInit took 0 sec
    [junit] Testcase: testOneMissingTerm took 0 sec
    [junit] Testcase: testLikeTheresNoTomorrow took 0.008 sec
    [junit] Testcase: testNoMutateAddTerm took 0.004 sec
    [junit] Testcase: testOnlyOneInstanceVar took 0 sec
    [junit] Testcase: testDegree took 0.014 sec
    [junit] Testcase: testNoMutateSum took 0 sec

BUILD SUCCESSFUL
Total time: 0 seconds
================
Lab is counted as working
================

CSE247 Robot tester ends testing lab8 on 2017-11-23 08:46:48 -0600
-------------------
